<?xml version="1.0" encoding="UTF-8"?>
<!-- Generated by org.testng.reporters.JUnitXMLReporter -->
<testsuite hostname="sys" name="End to end Testing" tests="4" failures="0" timestamp="21 Feb 2016 05:33:10 GMT" time="76.318" errors="0">
  <testcase name="loginTest" time="24.82" classname="com.orangehrm.baseclass.Login"/>
  <testcase name="addEmpTest" time="48.527" classname="com.orangehrm.baseclass.AddEmployee"/>
  <testcase name="sctShotTest" time="0.107" classname="com.orangehrm.baseclass.TakingScreenshot">
    <skipped/>
  </testcase> <!-- sctShotTest -->
  <testcase name="logoutTest" time="2.794" classname="com.orangehrm.baseclass.Logout"/>
</testsuite> <!-- End to end Testing -->
