<?xml version="1.0" encoding="UTF-8"?>
<!-- Generated by org.testng.reporters.JUnitXMLReporter -->
<testsuite hostname="sys" name="On Chrome" tests="4" failures="0" timestamp="21 Feb 2016 06:12:28 GMT" time="40.95" errors="0">
  <testcase name="loginTest" time="23.888" classname="com.orangehrm.baseclass.Login"/>
  <testcase name="addEmpTest" time="0.172" classname="com.orangehrm.baseclass.AddEmployee">
    <skipped/>
  </testcase> <!-- addEmpTest -->
  <testcase name="sctShotTest" time="0.164" classname="com.orangehrm.baseclass.TakingScreenshot">
    <skipped/>
  </testcase> <!-- sctShotTest -->
  <testcase name="logoutTest" time="16.653" classname="com.orangehrm.baseclass.Logout"/>
</testsuite> <!-- On Chrome -->
